[23:39:02] [ServerMain/INFO]: [bootstrap] Running Java 25 (Java HotSpot(TM) 64-Bit Server VM 25.0.3+9-LTS-195; Oracle Corporation null) on Windows 11 10.0 (amd64)
[23:39:03] [ServerMain/INFO]: [bootstrap] Loading Paper 26.1.2-66-main@34cf3ab (2026-05-26T15:01:52Z) for Minecraft 26.1.2
[23:39:04] [ServerMain/WARN]: [oshi.driver.windows.perfmon.PerfmonDisabled] Invalid registry value type detected for PerfOS counters. Should be REG_DWORD. Ignoring: HKEY_LOCAL_MACHINE\SYSTEM\CurrentControlSet\Services\PerfOS\Performance\Disable Performance Counters.
[23:39:05] [ServerMain/INFO]: [PluginInitializerManager] Initializing plugins...
[23:39:06] [ServerMain/INFO]: [PluginInitializerManager] Initialized 0 plugins
[23:39:31] [ServerMain/WARN]: You have used the Paper command line EULA agreement flag.
[23:39:31] [ServerMain/WARN]: By using this setting you are indicating your agreement to Mojang's EULA (https://aka.ms/MinecraftEULA).
[23:39:31] [ServerMain/WARN]: If you do not agree to the above EULA please stop your server and remove this flag immediately.
[23:39:32] [ServerMain/INFO]: Environment: Environment[sessionHost=https://sessionserver.mojang.com, servicesHost=https://api.minecraftservices.com, profilesHost=https://api.mojang.com, name=PROD]
[23:39:32] [ServerMain/INFO]: Found new data pack file/bukkit, loading it automatically
[23:39:32] [ServerMain/INFO]: Found new data pack paper, loading it automatically
[23:39:36] [Worker-Main-1/INFO]: No existing world data, creating new world
[23:39:40] [ServerMain/INFO]: Loaded 1515 recipes
[23:39:40] [ServerMain/INFO]: Loaded 1617 advancements
[23:39:40] [ServerMain/INFO]: [ca.spottedleaf.dataconverter.minecraft.datatypes.MCTypeRegistry] Initialising converters for DataConverter...
[23:39:41] [ServerMain/INFO]: [ca.spottedleaf.dataconverter.minecraft.datatypes.MCTypeRegistry] Finished initialising converters for DataConverter in 1,158.9ms
[23:39:42] [Server thread/INFO]: Starting minecraft server version 26.1.2
[23:39:42] [Server thread/INFO]: Loading properties
[23:39:42] [Server thread/INFO]: This server is running Paper version 26.1.2-66-main@34cf3ab (2026-05-26T15:01:52Z) (Implementing API version 26.1.2.build.66-stable)
[23:39:42] [Server thread/INFO]: [spark] This server bundles the spark profiler. For more information please visit https://docs.papermc.io/paper/profiling
[23:39:42] [Server thread/INFO]: Server Ping Player Sample Count: 12
[23:39:42] [Server thread/INFO]: Using 4 threads for Netty based IO
[23:39:43] [Server thread/INFO]: [MoonriseCommon] Paper is using 2 worker threads, 1 I/O threads
[23:39:45] [Server thread/INFO]: Default game type: SURVIVAL
[23:39:45] [Server thread/INFO]: Generating keypair
[23:39:45] [Server thread/INFO]: Starting Minecraft server on *:25565
[23:39:45] [Server thread/INFO]: Paper: Using Java compression from Velocity.
[23:39:45] [Server thread/INFO]: Paper: Using Java cipher from Velocity.
[23:39:45] [Server thread/INFO]: Preparing level "world"
[23:39:47] [Server thread/INFO]: Selecting spawn point for level 'minecraft:overworld'...
[23:39:59] [Server thread/INFO]: Selecting spawn point for level 'minecraft:the_nether'...
[23:40:01] [Server thread/INFO]: Selecting spawn point for level 'minecraft:the_end'...
[23:40:01] [Server thread/INFO]: Loading 0 persistent chunks for level 'minecraft:overworld'...
[23:40:01] [Server thread/INFO]: Preparing spawn area: 100%
[23:40:01] [Server thread/INFO]: Prepared spawn area in 14672 ms
[23:40:01] [Server thread/INFO]: Loading 0 persistent chunks for level 'minecraft:the_nether'...
[23:40:01] [Server thread/INFO]: Preparing spawn area: 100%
[23:40:01] [Server thread/INFO]: Prepared spawn area in 2134 ms
[23:40:01] [Server thread/INFO]: Loading 0 persistent chunks for level 'minecraft:the_end'...
[23:40:01] [Server thread/INFO]: Preparing spawn area: 100%
[23:40:01] [Server thread/INFO]: Prepared spawn area in 553 ms
[23:40:01] [Server thread/INFO]: Done preparing level "world" (16.092s)
[23:40:02] [Server thread/INFO]: [spark] Starting background profiler...
[23:40:02] [Server thread/INFO]: [spark] The async-profiler engine is not supported for your os/arch (windows11/amd64), so the built-in Java engine will be used instead.
[23:40:02] [Server thread/INFO]: Saving chunks for level 'ServerLevel[world]'/minecraft:overworld
[23:40:02] [Server thread/INFO]: Saving chunks for level 'ServerLevel[world]'/minecraft:the_nether
[23:40:02] [Server thread/INFO]: Saving chunks for level 'ServerLevel[world]'/minecraft:the_end
[23:40:02] [Server thread/INFO]: ThreadedAnvilChunkStorage (world): All chunks are saved
[23:40:02] [Server thread/INFO]: ThreadedAnvilChunkStorage (DIM-1): All chunks are saved
[23:40:02] [Server thread/INFO]: ThreadedAnvilChunkStorage (DIM1): All chunks are saved
[23:40:02] [Server thread/INFO]: ThreadedAnvilChunkStorage: All dimensions are saved
[23:40:02] [Server thread/INFO]: Running delayed init tasks
[23:40:02] [Server thread/INFO]: Done (64.778s)! For help, type "help"
[23:40:02] [Server thread/INFO]: *************************************************************************************
[23:40:02] [Server thread/INFO]: This is the first time you're starting this server.
[23:40:02] [Server thread/INFO]: It's recommended you read our 'Getting Started' documentation for guidance.
[23:40:02] [Server thread/INFO]: View this and more helpful information here: https://docs.papermc.io/paper/next-steps
[23:40:02] [Server thread/INFO]: *************************************************************************************
